<?xml version="1.0" encoding="UTF-8"?>
<!-- Generated by org.testng.reporters.JUnitReportReporter -->
<testsuite hostname="SANFORD-QA4L" failures="0" tests="10" name="project.test.DDTests" time="15.174" errors="0" timestamp="2023-09-13T16:20:46 IST" skipped="0">
  <testcase classname="project.test.DDTests" name="testPostUser" time="2.504"/>
  <system-out/>
  <testcase classname="project.test.DDTests" name="testPostUser" time="1.385"/>
  <system-out/>
  <testcase classname="project.test.DDTests" name="testPostUser" time="1.401"/>
  <system-out/>
  <testcase classname="project.test.DDTests" name="testPostUser" time="1.391"/>
  <system-out/>
  <testcase classname="project.test.DDTests" name="testPostUser" time="1.422"/>
  <system-out/>
  <testcase classname="project.test.DDTests" name="testDeleteUser" time="1.392"/>
  <system-out/>
  <testcase classname="project.test.DDTests" name="testDeleteUser" time="1.444"/>
  <system-out/>
  <testcase classname="project.test.DDTests" name="testDeleteUser" time="1.427"/>
  <system-out/>
  <testcase classname="project.test.DDTests" name="testDeleteUser" time="1.391"/>
  <system-out/>
  <testcase classname="project.test.DDTests" name="testDeleteUser" time="1.417"/>
  <system-out/>
</testsuite> <!-- project.test.DDTests -->
