<?xml version="1.0" encoding="UTF-8"?>
<!-- Generated by org.testng.reporters.JUnitReportReporter -->
<testsuite hostname="SANFORD-QA4L" failures="0" tests="4" name="project.test.UserTests" time="7.608" errors="0" timestamp="2023-09-13T16:11:47 IST" skipped="0">
  <testcase classname="project.test.UserTests" name="testPostUserAPI" time="2.613"/>
  <system-out/>
  <testcase classname="project.test.UserTests" name="testGetUserNameAPI" time="1.661"/>
  <system-out/>
  <testcase classname="project.test.UserTests" name="updateUserByNameAPI" time="1.699"/>
  <system-out/>
  <testcase classname="project.test.UserTests" name="testDeleteByUserName" time="1.635"/>
  <system-out/>
</testsuite> <!-- project.test.UserTests -->
